====================================
FILE: tinyReturn.c-
ERROR(13): Symbol 'outputc' is not declared.
ERROR(37): Symbol 'outnl' is not declared.
ERROR(39): Symbol 'output' is not declared.
ERROR(40): Symbol 'output' is not declared.
ERROR(41): Symbol 'outnl' is not declared.
ERROR(43): Symbol 'outputc' is not declared.
ERROR(44): Symbol 'outputb' is not declared.
ERROR(45): Symbol 'outnl' is not declared.
ERROR(47): Symbol 'outputb' is not declared.
ERROR(48): Symbol 'outputb' is not declared.
ERROR(49): Symbol 'outnl' is not declared.
Func bender: returns type int [line: 2]
.   Child: 1  Compound [line: 3]
Sibling: 1  Func fry: returns type int [line: 6]
.   Child: 1  Compound [line: 7]
.   .   Child: 1  Return [line: 8]
.   .   .   Child: 0  Const 114 : type int [line: 8]
Sibling: 2  Func leela: returns type void [line: 11]
.   Child: 1  Compound [line: 12]
.   .   Child: 1  Call outputc: undefined type [line: 13]
.   .   .   Child: 0  Const: 'L' : type char [line: 13]
Sibling: 3  Func zoidberg: returns type char [line: 16]
.   Child: 1  Compound [line: 17]
.   .   Child: 1  Return [line: 18]
.   .   .   Child: 0  Const: 'z' : type char [line: 18]
Sibling: 4  Func zapp: returns type char [line: 21]
.   Child: 1  Compound [line: 22]
Sibling: 5  Func amy: returns type bool [line: 25]
.   Child: 1  Compound [line: 26]
.   .   Child: 1  Return [line: 27]
.   .   .   Child: 0  Const true : type bool [line: 27]
Sibling: 6  Func hermes: returns type bool [line: 30]
.   Child: 1  Compound [line: 31]
Sibling: 7  Func main: returns type int [line: 34]
.   Child: 1  Compound [line: 35]
.   .   Child: 1  Call leela: type void [line: 36]
.   .   Sibling: 1  Call outnl: undefined type [line: 37]
.   .   Sibling: 2  Call output: undefined type [line: 39]
.   .   .   Child: 0  Call bender: type int [line: 39]
.   .   Sibling: 3  Call output: undefined type [line: 40]
.   .   .   Child: 0  Call fry: type int [line: 40]
.   .   Sibling: 4  Call outnl: undefined type [line: 41]
.   .   Sibling: 5  Call outputc: undefined type [line: 43]
.   .   .   Child: 0  Call zoidberg: type char [line: 43]
.   .   Sibling: 6  Call outputb: undefined type [line: 44]
.   .   .   Child: 0  Op == : type bool [line: 44]
.   .   .   .   Child: 0  Call zapp: type char [line: 44]
.   .   .   .   Child: 1  Const: '0' : type char [line: 44]
.   .   Sibling: 7  Call outnl: undefined type [line: 45]
.   .   Sibling: 8  Call outputb: undefined type [line: 47]
.   .   .   Child: 0  Call amy: type bool [line: 47]
.   .   Sibling: 9  Call outputb: undefined type [line: 48]
.   .   .   Child: 0  Call hermes: type bool [line: 48]
.   .   Sibling: 10  Call outnl: undefined type [line: 49]
Number of warnings: 0
Number of errors: 11
