====================================
FILE: tinyMixedControl.c-
WARNING(6): Variable x may be uninitialized when used here.
WARNING(8): Variable y may be uninitialized when used here.
WARNING(11): Variable z may be uninitialized when used here.
Func main: returns type void [line: 2]
.   Child: 1  Compound [line: 3]
.   .   Child: 0  Var x: type int [line: 4]
.   .   Sibling: 1  Var y: type int [line: 4]
.   .   Sibling: 2  Var z: type int [line: 4]
.   .   Child: 1  If [line: 6]
.   .   .   Child: 0  Op >= : type bool [line: 6]
.   .   .   .   Child: 0  Id x: type int [line: 6]
.   .   .   .   Child: 1  Const 0 : type int [line: 6]
.   .   .   Child: 1  While [line: 7]
.   .   .   .   Child: 0  Const true : type bool [line: 7]
.   .   .   .   Child: 1  Id x: type int [line: 7]
.   .   .   Child: 2  Id y: type int [line: 8]
.   .   Sibling: 1  Const 111 : type int [line: 9]
.   .   Sibling: 2  If [line: 10]
.   .   .   Child: 0  Op >= : type bool [line: 10]
.   .   .   .   Child: 0  Id y: type int [line: 10]
.   .   .   .   Child: 1  Const 0 : type int [line: 10]
.   .   .   Child: 1  Id y: type int [line: 10]
.   .   .   Child: 2  While [line: 11]
.   .   .   .   Child: 0  Const true : type bool [line: 11]
.   .   .   .   Child: 1  Id z: type int [line: 11]
.   .   Sibling: 3  Const 222 : type int [line: 12]
.   .   Sibling: 4  If [line: 13]
.   .   .   Child: 0  Op >= : type bool [line: 13]
.   .   .   .   Child: 0  Id y: type int [line: 13]
.   .   .   .   Child: 1  Const 0 : type int [line: 13]
.   .   .   Child: 1  Id y: type int [line: 13]
.   .   Sibling: 5  While [line: 14]
.   .   .   Child: 0  Const true : type bool [line: 14]
.   .   .   Child: 1  If [line: 15]
.   .   .   .   Child: 0  Const true : type bool [line: 15]
.   .   .   .   Child: 1  Id z: type int [line: 15]
.   .   .   .   Child: 2  Id x: type int [line: 16]
.   .   Sibling: 6  Const 333 : type int [line: 17]
.   .   Sibling: 7  If [line: 18]
.   .   .   Child: 0  Op >= : type bool [line: 18]
.   .   .   .   Child: 0  Id x: type int [line: 18]
.   .   .   .   Child: 1  Const 0 : type int [line: 18]
.   .   .   Child: 1  While [line: 19]
.   .   .   .   Child: 0  Const true : type bool [line: 19]
.   .   .   .   Child: 1  If [line: 20]
.   .   .   .   .   Child: 0  Const true : type bool [line: 20]
.   .   .   .   .   Child: 1  Id x: type int [line: 20]
.   .   .   .   .   Child: 2  Id y: type int [line: 21]
.   .   .   Child: 2  Id z: type int [line: 22]
.   .   Sibling: 8  Const 444 : type int [line: 23]
.   .   Sibling: 9  If [line: 24]
.   .   .   Child: 0  Op >= : type bool [line: 24]
.   .   .   .   Child: 0  Id x: type int [line: 24]
.   .   .   .   Child: 1  Const 0 : type int [line: 24]
.   .   .   Child: 1  Id z: type int [line: 24]
.   .   .   Child: 2  If [line: 26]
.   .   .   .   Child: 0  Const true : type bool [line: 26]
.   .   .   .   Child: 1  While [line: 27]
.   .   .   .   .   Child: 0  Const true : type bool [line: 27]
.   .   .   .   .   Child: 1  If [line: 28]
.   .   .   .   .   .   Child: 0  Const true : type bool [line: 28]
.   .   .   .   .   .   Child: 1  Id x: type int [line: 28]
.   .   .   .   .   .   Child: 2  Id y: type int [line: 29]
.   .   .   .   Child: 2  Id z: type int [line: 30]
Number of warnings: 3
Number of errors: 0
