====================================
FILE: tinyFor.c-
ERROR(12): Symbol 'bb' is not declared.
ERROR(12): Cannot index nonarray 'bb'.
ERROR(13): Symbol 'bb' is not declared.
ERROR(13): Cannot index nonarray 'bb'.
ERROR(14): Symbol 'bb' is not declared.
ERROR(14): Cannot index nonarray 'bb'.
ERROR(16): Symbol 'cc' is not declared.
ERROR(16): Cannot index nonarray 'cc'.
ERROR(17): Symbol 'cc' is not declared.
ERROR(17): Cannot index nonarray 'cc'.
ERROR(20): Symbol 'output' is not declared.
ERROR(21): Symbol 'outnl' is not declared.
ERROR(23): Symbol 'bb' is not declared.
ERROR(23): Symbol 'outputb' is not declared.
ERROR(24): Symbol 'outnl' is not declared.
ERROR(26): Symbol 'cc' is not declared.
ERROR(26): Symbol 'outputc' is not declared.
ERROR(27): Symbol 'outnl' is not declared.
ERROR(29): Symbol 'cc' is not declared.
ERROR(29): Symbol 'output' is not declared.
WARNING(29): The variable c seems not to be used.
WARNING(5): The variable ba seems not to be used.
Func main: returns type void [line: 2]
.   Child: 1  Compound [line: 3]
.   .   Child: 0  Var aa: array of type int [line: 4]
.   .   Sibling: 1  Var ba: array of type bool [line: 5]
.   .   Sibling: 2  Var ca: array of type char [line: 6]
.   .   Child: 1  Assign = : type int [line: 8]
.   .   .   Child: 0  Op [ : type int [line: 8]
.   .   .   .   Child: 0  Id aa: array of type int [line: 8]
.   .   .   .   Child: 1  Const 0 : type int [line: 8]
.   .   .   Child: 1  Const 100 : type int [line: 8]
.   .   Sibling: 1  Assign = : type int [line: 9]
.   .   .   Child: 0  Op [ : type int [line: 9]
.   .   .   .   Child: 0  Id aa: array of type int [line: 9]
.   .   .   .   Child: 1  Const 1 : type int [line: 9]
.   .   .   Child: 1  Const 101 : type int [line: 9]
.   .   Sibling: 2  Assign = : type int [line: 10]
.   .   .   Child: 0  Op [ : type int [line: 10]
.   .   .   .   Child: 0  Id aa: array of type int [line: 10]
.   .   .   .   Child: 1  Const 2 : type int [line: 10]
.   .   .   Child: 1  Const 102 : type int [line: 10]
.   .   Sibling: 3  Assign = : undefined type [line: 12]
.   .   .   Child: 0  Op [ : undefined type [line: 12]
.   .   .   .   Child: 0  Id bb: undefined type [line: 12]
.   .   .   .   Child: 1  Const 0 : type int [line: 12]
.   .   .   Child: 1  Const true : type bool [line: 12]
.   .   Sibling: 4  Assign = : undefined type [line: 13]
.   .   .   Child: 0  Op [ : undefined type [line: 13]
.   .   .   .   Child: 0  Id bb: undefined type [line: 13]
.   .   .   .   Child: 1  Const 1 : type int [line: 13]
.   .   .   Child: 1  Const false : type bool [line: 13]
.   .   Sibling: 5  Assign = : undefined type [line: 14]
.   .   .   Child: 0  Op [ : undefined type [line: 14]
.   .   .   .   Child: 0  Id bb: undefined type [line: 14]
.   .   .   .   Child: 1  Const 2 : type int [line: 14]
.   .   .   Child: 1  Const true : type bool [line: 14]
.   .   Sibling: 6  Assign = : undefined type [line: 16]
.   .   .   Child: 0  Op [ : undefined type [line: 16]
.   .   .   .   Child: 0  Id cc: undefined type [line: 16]
.   .   .   .   Child: 1  Const 0 : type int [line: 16]
.   .   .   Child: 1  Const: 'a' : type char [line: 16]
.   .   Sibling: 7  Assign = : undefined type [line: 17]
.   .   .   Child: 0  Op [ : undefined type [line: 17]
.   .   .   .   Child: 0  Id cc: undefined type [line: 17]
.   .   .   .   Child: 1  Const 1 : type int [line: 17]
.   .   .   Child: 1  Const: 'b' : type char [line: 17]
.   .   Sibling: 8  Assign = : type char [line: 18]
.   .   .   Child: 0  Op [ : type char [line: 18]
.   .   .   .   Child: 0  Id ca: array of type char [line: 18]
.   .   .   .   Child: 1  Const 2 : type int [line: 18]
.   .   .   Child: 1  Const: 'c' : type char [line: 18]
.   .   Sibling: 9  For [line: 20]
.   .   .   Child: 0  Var a: undefined type [line: 20]
.   .   .   Child: 1  Id aa: array of type int [line: 20]
.   .   .   Child: 2  Call output: undefined type [line: 20]
.   .   .   .   Child: 0  Id a: undefined type [line: 20]
.   .   Sibling: 10  Call outnl: undefined type [line: 21]
.   .   Sibling: 11  For [line: 23]
.   .   .   Child: 0  Var b: undefined type [line: 23]
.   .   .   Child: 1  Id bb: undefined type [line: 23]
.   .   .   Child: 2  Call outputb: undefined type [line: 23]
.   .   .   .   Child: 0  Id b: undefined type [line: 23]
.   .   Sibling: 12  Call outnl: undefined type [line: 24]
.   .   Sibling: 13  For [line: 26]
.   .   .   Child: 0  Var c: undefined type [line: 26]
.   .   .   Child: 1  Id cc: undefined type [line: 26]
.   .   .   Child: 2  Call outputc: undefined type [line: 26]
.   .   .   .   Child: 0  Id c: undefined type [line: 26]
.   .   Sibling: 14  Call outnl: undefined type [line: 27]
.   .   Sibling: 15  For [line: 29]
.   .   .   Child: 0  Var c: undefined type [line: 29]
.   .   .   Child: 1  Id cc: undefined type [line: 29]
.   .   .   Child: 2  For [line: 29]
.   .   .   .   Child: 0  Var a: undefined type [line: 29]
.   .   .   .   Child: 1  Id aa: array of type int [line: 29]
.   .   .   .   Child: 2  Call output: undefined type [line: 29]
.   .   .   .   .   Child: 0  Id a: undefined type [line: 29]
Number of warnings: 2
Number of errors: 20
